16:06:16: CPU Identifier & Features
16:06:16: -------------------------
16:06:16:  *   CPU ID: GenuineIntel: Intel(R) Atom(TM) CPU N270   @ 1.60GHz
16:06:16:  *      SSE: yes
16:06:16:  *     SSE2: yes
16:06:16:  *     SSE3: yes
16:06:16:  *      MMX: yes
16:06:16:  *   MMXEXT: yes
16:06:16:  *    3DNOW: no
16:06:16:  * 3DNOWEXT: no
16:06:16:  *     CMOV: yes
16:06:16:  *      TSC: yes
16:06:16:  *      FPU: yes
16:06:16:  *      PRO: yes
16:06:16:  *       HT: no
16:06:16: -------------------------
16:06:16: ******************************
*** Starting GLX Subsystem ***
******************************
16:06:16: Registering ResourceManager for type Texture
16:06:16: GLRenderSystem::_createRenderWindow "arOgreTest 1.0", 640x480 windowed  miscParams: FSAA=0 displayFrequency=60 MHz gamma=No vsync=No 
16:06:16: OGRE EXCEPTION(6:FileNotFoundException): Cannot locate resource GLX_icon.png in resource group General or any other group. in ResourceGroupManager::openResource at /build/ogre-1.8-LbVXIp/ogre-1.8-1.8.0+dfsg1/OgreMain/src/OgreResourceGroupManager.cpp (line 756)
16:06:16: GLXWindow::create used FBConfigID = 108
16:06:16: GL_VERSION = 2.1 Mesa 10.3.2
16:06:16: GL_VENDOR = Intel Open Source Technology Center
16:06:16: GL_RENDERER = Mesa DRI Intel(R) 945GME x86/MMX/SSE2
16:06:16: GL_EXTENSIONS = GL_ARB_multisample GL_EXT_abgr GL_EXT_bgra GL_EXT_blend_color GL_EXT_blend_minmax GL_EXT_blend_subtract GL_EXT_copy_texture GL_EXT_polygon_offset GL_EXT_subtexture GL_EXT_texture_object GL_EXT_vertex_array GL_EXT_compiled_vertex_array GL_EXT_texture GL_EXT_texture3D GL_IBM_rasterpos_clip GL_ARB_point_parameters GL_EXT_draw_range_elements GL_EXT_packed_pixels GL_EXT_point_parameters GL_EXT_rescale_normal GL_EXT_separate_specular_color GL_EXT_texture_edge_clamp GL_SGIS_generate_mipmap GL_SGIS_texture_border_clamp GL_SGIS_texture_edge_clamp GL_SGIS_texture_lod GL_ARB_multitexture GL_IBM_multimode_draw_arrays GL_IBM_texture_mirrored_repeat GL_3DFX_texture_compression_FXT1 GL_ARB_texture_cube_map GL_ARB_texture_env_add GL_ARB_transpose_matrix GL_EXT_blend_func_separate GL_EXT_fog_coord GL_EXT_multi_draw_arrays GL_EXT_secondary_color GL_EXT_texture_env_add GL_EXT_texture_filter_anisotropic GL_EXT_texture_lod_bias GL_INGR_blend_func_separate GL_NV_blend_square GL_NV_light_max_exponent GL_NV_texgen_reflection GL_NV_texture_env_combine4 GL_S3_s3tc GL_SUN_multi_draw_arrays GL_ARB_texture_border_clamp GL_ARB_texture_compression GL_EXT_framebuffer_object GL_EXT_texture_compression_s3tc GL_EXT_texture_env_combine GL_EXT_texture_env_dot3 GL_MESA_window_pos GL_NV_packed_depth_stencil GL_NV_texture_rectangle GL_ARB_depth_texture GL_ARB_occlusion_query GL_ARB_shadow GL_ARB_texture_env_combine GL_ARB_texture_env_crossbar GL_ARB_texture_env_dot3 GL_ARB_texture_mirrored_repeat GL_ARB_window_pos GL_EXT_stencil_two_side GL_EXT_texture_cube_map GL_APPLE_packed_pixels GL_APPLE_vertex_array_object GL_ARB_draw_buffers GL_ARB_fragment_program GL_ARB_fragment_shader GL_ARB_shader_objects GL_ARB_vertex_program GL_ARB_vertex_shader GL_ATI_draw_buffers GL_ATI_texture_env_combine3 GL_EXT_shadow_funcs GL_EXT_stencil_wrap GL_MESA_pack_invert GL_MESA_ycbcr_texture GL_ARB_half_float_pixel GL_ARB_point_sprite GL_ARB_shading_language_100 GL_ARB_sync GL_ARB_texture_non_power_of_two GL_ARB_vertex_buffer_object GL_ATI_blend_equation_separate GL_EXT_blend_equation_separate GL_OES_read_format GL_ARB_pixel_buffer_object GL_ARB_texture_rectangle GL_EXT_pixel_buffer_object GL_EXT_texture_compression_dxt1 GL_EXT_texture_rectangle GL_EXT_texture_sRGB GL_ARB_framebuffer_object GL_EXT_framebuffer_blit GL_EXT_packed_depth_stencil GL_APPLE_object_purgeable GL_ARB_vertex_array_object GL_ATI_separate_stencil GL_EXT_gpu_program_parameters GL_EXT_texture_sRGB_decode GL_OES_EGL_image GL_ARB_copy_buffer GL_ARB_map_buffer_range GL_ARB_ES2_compatibility GL_ARB_debug_output GL_ARB_draw_elements_base_vertex GL_ARB_explicit_attrib_location GL_ARB_provoking_vertex GL_ARB_sampler_objects GL_EXT_provoking_vertex GL_ARB_get_program_binary GL_ARB_robustness GL_ARB_separate_shader_objects GL_ANGLE_texture_compression_dxt3 GL_ANGLE_texture_compression_dxt5 GL_ARB_compressed_texture_pixel_storage GL_ARB_internalformat_query GL_ARB_map_buffer_alignment GL_ARB_texture_storage GL_AMD_shader_trinary_minmax GL_ARB_clear_buffer_object GL_ARB_explicit_uniform_location GL_ARB_invalidate_subdata GL_ARB_vertex_attrib_binding GL_KHR_debug GL_ARB_multi_bind 
16:06:16: Supported GLX extensions: GLX_ARB_create_context GLX_ARB_create_context_profile GLX_ARB_fbconfig_float GLX_ARB_framebuffer_sRGB GLX_ARB_get_proc_address GLX_ARB_multisample GLX_EXT_import_context GLX_EXT_visual_info GLX_EXT_visual_rating GLX_EXT_framebuffer_sRGB GLX_EXT_create_context_es2_profile GLX_MESA_copy_sub_buffer GLX_MESA_multithread_makecurrent GLX_MESA_query_renderer GLX_MESA_swap_control GLX_OML_swap_method GLX_OML_sync_control GLX_SGI_make_current_read GLX_SGI_swap_control GLX_SGI_video_sync GLX_SGIS_multisample GLX_SGIX_fbconfig GLX_SGIX_pbuffer GLX_SGIX_visual_select_group GLX_EXT_texture_from_pixmap GLX_INTEL_swap_event 
16:06:16: ***************************
16:06:16: *** GL Renderer Started ***
16:06:16: ***************************
16:06:17: Registering ResourceManager for type GpuProgram
16:06:17: GLSL support detected
16:06:17: GL: Using GL_EXT_framebuffer_object for rendering to textures (best)
16:06:17: FBO PF_UNKNOWN depth/stencil support: D0S1 D0S4 D0S8 D0S16 D16S0 D24S0 D32S0 Packed-D24S8 
16:06:17: FBO PF_R5G6B5 depth/stencil support: D0S0 D0S1 D0S4 D0S8 D0S16 D16S0 D24S0 D32S0 Packed-D24S8 
16:06:17: FBO PF_B5G6R5 depth/stencil support: D0S0 D0S1 D0S4 D0S8 D0S16 D16S0 D24S0 D32S0 Packed-D24S8 
16:06:17: FBO PF_A4R4G4B4 depth/stencil support: D0S0 D0S1 D0S4 D0S8 D0S16 D16S0 D24S0 D32S0 Packed-D24S8 
16:06:17: FBO PF_A1R5G5B5 depth/stencil support: D0S0 D0S1 D0S4 D0S8 D0S16 D16S0 D24S0 D32S0 Packed-D24S8 
16:06:17: FBO PF_R8G8B8 depth/stencil support: D0S0 D0S1 D0S4 D0S8 D0S16 D16S0 D24S0 D32S0 Packed-D24S8 
16:06:17: FBO PF_B8G8R8 depth/stencil support: D0S0 D0S1 D0S4 D0S8 D0S16 D16S0 D24S0 D32S0 Packed-D24S8 
16:06:17: FBO PF_A8R8G8B8 depth/stencil support: D0S0 D0S1 D0S4 D0S8 D0S16 D16S0 D24S0 D32S0 Packed-D24S8 
16:06:17: FBO PF_B8G8R8A8 depth/stencil support: D0S0 D0S1 D0S4 D0S8 D0S16 D16S0 D24S0 D32S0 Packed-D24S8 
16:06:17: FBO PF_A2R10G10B10 depth/stencil support: D0S0 D0S1 D0S4 D0S8 D0S16 D16S0 D24S0 D32S0 Packed-D24S8 
16:06:17: FBO PF_A2B10G10R10 depth/stencil support: D0S0 D0S1 D0S4 D0S8 D0S16 D16S0 D24S0 D32S0 Packed-D24S8 
16:06:17: FBO PF_X8R8G8B8 depth/stencil support: D0S0 D0S1 D0S4 D0S8 D0S16 D16S0 D24S0 D32S0 Packed-D24S8 
16:06:17: FBO PF_X8B8G8R8 depth/stencil support: D0S0 D0S1 D0S4 D0S8 D0S16 D16S0 D24S0 D32S0 Packed-D24S8 
16:06:17: FBO PF_SHORT_RGBA depth/stencil support: D0S0 D0S1 D0S4 D0S8 D0S16 D16S0 D24S0 D32S0 Packed-D24S8 
16:06:17: FBO PF_R3G3B2 depth/stencil support: D0S0 D0S1 D0S4 D0S8 D0S16 D16S0 D24S0 D32S0 Packed-D24S8 
16:06:17: FBO PF_SHORT_RGB depth/stencil support: D0S0 D0S1 D0S4 D0S8 D0S16 D16S0 D24S0 D32S0 Packed-D24S8 
16:06:17: [GL] : Valid FBO targets PF_UNKNOWN PF_R5G6B5 PF_B5G6R5 PF_A4R4G4B4 PF_A1R5G5B5 PF_R8G8B8 PF_B8G8R8 PF_A8R8G8B8 PF_B8G8R8A8 PF_A2R10G10B10 PF_A2B10G10R10 PF_X8R8G8B8 PF_X8B8G8R8 PF_SHORT_RGBA PF_R3G3B2 PF_SHORT_RGB 
16:06:17: RenderSystem capabilities
16:06:17: -------------------------
16:06:17: RenderSystem Name: OpenGL Rendering Subsystem
16:06:17: GPU Vendor: intel
16:06:17: Device Name: Mesa DRI Intel(R) 945GME x86/MMX/SSE2
16:06:17: Driver Version: 2.1.0.0
16:06:17:  * Fixed function pipeline: yes
16:06:17:  * Hardware generation of mipmaps: no
16:06:17:  * Texture blending: yes
16:06:17:  * Anisotropic texture filtering: yes
16:06:17:  * Dot product texture operation: yes
16:06:17:  * Cube mapping: yes
16:06:17:  * Hardware stencil buffer: yes
16:06:17:    - Stencil depth: 8
16:06:17:    - Two sided stencil support: yes
16:06:17:    - Wrap stencil values: yes
16:06:17:  * Hardware vertex / index buffers: yes
16:06:17:  * Vertex programs: yes
16:06:17:  * Number of floating-point constants for vertex programs: 4096
16:06:17:  * Number of integer constants for vertex programs: 0
16:06:17:  * Number of boolean constants for vertex programs: 0
16:06:17:  * Fragment programs: yes
16:06:17:  * Number of floating-point constants for fragment programs: 4096
16:06:17:  * Number of integer constants for fragment programs: 0
16:06:17:  * Number of boolean constants for fragment programs: 0
16:06:17:  * Geometry programs: no
16:06:17:  * Number of floating-point constants for geometry programs: 0
16:06:17:  * Number of integer constants for geometry programs: 0
16:06:17:  * Number of boolean constants for geometry programs: 0
16:06:17:  * Supported Shader Profiles: arbfp1 arbvp1 glsl
16:06:17:  * Texture Compression: yes
16:06:17:    - DXT: yes
16:06:17:    - VTC: no
16:06:17:    - PVRTC: no
16:06:17:  * Scissor Rectangle: yes
16:06:17:  * Hardware Occlusion Query: yes
16:06:17:  * User clip planes: yes
16:06:17:  * VET_UBYTE4 vertex element type: yes
16:06:17:  * Infinite far plane projection: yes
16:06:17:  * Hardware render-to-texture: yes
16:06:17:  * Floating point textures: no
16:06:17:  * Non-power-of-two textures: yes
16:06:17:  * Volume textures: yes
16:06:17:  * Multiple Render Targets: 1
16:06:17:    - With different bit depths: yes
16:06:17:  * Point Sprites: yes
16:06:17:  * Extended point parameters: yes
16:06:17:  * Max Point Size: 255
16:06:17:  * Vertex texture fetch: yes
16:06:17:  * Number of world matrices: 0
16:06:17:  * Number of texture units: 8
16:06:17:  * Stencil buffer depth: 8
16:06:17:  * Number of vertex blend matrices: 0
16:06:17:    - Max vertex textures: 8
16:06:17:    - Vertex textures shared: yes
16:06:17:  * Render to Vertex Buffer : no
16:06:17:  * GL 1.5 without VBO workaround: no
16:06:17:  * Frame Buffer objects: yes
16:06:17:  * Frame Buffer objects (ARB extension): no
16:06:17:  * Frame Buffer objects (ATI extension): no
16:06:17:  * PBuffer support: yes
16:06:17:  * GL 1.5 without HW-occlusion workaround: no
16:06:17:  * Separate shader objects: no
16:06:17: DefaultWorkQueue('Root') initialising on thread b2bb0900.
16:06:17: DefaultWorkQueue('Root')::WorkerFunc - thread af9deb40 starting.
16:06:17: Particle Renderer Type 'billboard' registered
16:06:17: DefaultWorkQueue('Root')::WorkerFunc - thread af1ddb40 starting.
16:06:17: Added resource location 'media' of type 'FileSystem' to resource group 'General'
16:06:17: Parsing scripts for resource group Autodetect
16:06:17: Finished parsing scripts for resource group Autodetect
16:06:17: Creating resources for group Autodetect
16:06:17: All done
16:06:17: Parsing scripts for resource group General
16:06:17: Parsing script ogrehead.material
16:06:17: Parsing script Sinbad.material
16:06:17: Finished parsing scripts for resource group General
16:06:17: Creating resources for group General
16:06:17: All done
16:06:17: Parsing scripts for resource group Internal
16:06:17: Finished parsing scripts for resource group Internal
16:06:17: Creating resources for group Internal
16:06:17: All done
16:06:17: Demo initialized!
16:06:17: Background created
16:06:17: Mesh: Loading Sinbad.mesh.
16:06:17: Skeleton: Loading Sinbad.skeleton
16:06:17: WARNING: Sinbad.mesh is an older format ([MeshSerializer_v1.41]); you should upgrade it as soon as possible using the OgreMeshUpgrade tool.
16:06:17: Texture: sinbad_body.tga: Loading 1 faces(PF_R8G8B8,512x512x1) with 9 generated mipmaps from Image. Internal format is PF_X8R8G8B8,512x512x1.
16:06:17: Texture: sinbad_clothes.tga: Loading 1 faces(PF_R8G8B8,512x512x1) with 9 generated mipmaps from Image. Internal format is PF_X8R8G8B8,512x512x1.
16:06:17: Texture: sinbad_sword.tga: Loading 1 faces(PF_R8G8B8,256x256x1) with 8 generated mipmaps from Image. Internal format is PF_X8R8G8B8,256x256x1.
16:06:17: WARNING: the mesh 'Sinbad.mesh' includes vertices with more than 4 bone assignments. The lowest weighted assignments beyond this limit have been removed, so your animation may look slightly different. To eliminate this, reduce the number of bone assignments per vertex on your mesh to 4.
16:06:17: Initialition Ogre Scene   ..... OK
16:06:17: Start main loop...
16:06:18: Texture: spot_shadow_fade.png: Loading 1 faces(PF_R8G8B8,128x128x1) with 7 generated mipmaps from Image. Internal format is PF_X8R8G8B8,128x128x1.
16:09:12: Main loop quit
16:09:12: Shutdown OGRE...
16:09:12: DefaultWorkQueue('Root') shutting down on thread b2bb0900.
16:09:12: DefaultWorkQueue('Root')::WorkerFunc - thread af1ddb40 stopped.
16:09:12: DefaultWorkQueue('Root')::WorkerFunc - thread af9deb40 stopped.
16:09:12: *-*-* OGRE Shutdown
16:09:12: Unregistering ResourceManager for type Compositor
16:09:12: Unregistering ResourceManager for type Font
16:09:12: Unregistering ResourceManager for type Skeleton
16:09:12: Unregistering ResourceManager for type Mesh
16:09:12: Unregistering ResourceManager for type HighLevelGpuProgram
16:09:12: Uninstalling plugin: GL RenderSystem
16:09:12: Unregistering ResourceManager for type GpuProgram
16:09:12: ******************************
*** Stopping GLX Subsystem ***
******************************
16:09:12: Unregistering ResourceManager for type Texture
16:09:12: Plugin successfully uninstalled
16:09:12: Unloading library /usr/lib/i386-linux-gnu/OGRE-1.8.0/RenderSystem_GL
16:09:12: Unregistering ResourceManager for type Material
